MPASM 5.86          P2_FA_PIC_8B_GENERAL.ASM   3-20-2021  22:23:27         PAGE  1


LOC  OBJECT CODE     LINE SOURCE TEXT
  VALUE

Warning[215]: Processor superseded by command line.  Verify processor symbol.
                      00001     LIST P=PIC18F4321   F=INHX32
                      00002     #include <p18f4321.inc>
                      00001         LIST
                      00002 
                      00003 ;==========================================================================
                      00004 ; Build date : Oct 24 2019
                      00005 ;  MPASM PIC18F4321 processor include
                      00006 ; 
                      00007 ;  (c) Copyright 1999-2019 Microchip Technology, All rights reserved
                      00008 ;==========================================================================
                      00009 
                      01455         LIST
                      00003 
                      00004     CONFIG OSC=HSPLL        ;Oscillador -> High Speed PLL
                      00005     CONFIG PBADEN=DIG       ;PORTB com a Digital (el posem a 0)
                      00006     CONFIG WDT=OFF          ;Desactivem el Watch Dog Timer
                      00007     CONFIG LVP=OFF          ;Evitar resets eusart
                      00008     
                      00009     ;vars
Warning[207]: Found label after column 1. (display0)
  00000000            00010     display0 EQU 0x00   ; 7seg
Warning[207]: Found label after column 1. (display1)
  00000001            00011     display1 EQU 0x01
Warning[207]: Found label after column 1. (display2)
  00000002            00012     display2 EQU 0x02
Warning[207]: Found label after column 1. (display3)
  00000003            00013     display3 EQU 0x03
Warning[207]: Found label after column 1. (display4)
  00000004            00014     display4 EQU 0x04
Warning[207]: Found label after column 1. (display5)
  00000005            00015     display5 EQU 0x05
Warning[207]: Found label after column 1. (display6)
  00000006            00016     display6 EQU 0x06
Warning[207]: Found label after column 1. (display7)
  00000007            00017     display7 EQU 0x07
Warning[207]: Found label after column 1. (display8)
  00000008            00018     display8 EQU 0x08
Warning[207]: Found label after column 1. (display9)
  00000009            00019     display9 EQU 0x09
Warning[207]: Found label after column 1. (eusart_input)
  0000000A            00020     eusart_input EQU 0x0A   ;entrada per eusart
Warning[207]: Found label after column 1. (pos_servo)
  0000000B            00021     pos_servo EQU 0x0B
Warning[207]: Found label after column 1. (carrier)
  0000000C            00022     carrier EQU 0x0C;variable canvi de linia putty
Warning[207]: Found label after column 1. (eusart_output)
  0000000D            00023     eusart_output EQU 0x0D
Warning[207]: Found label after column 1. (eeprom_addr)
  0000000E            00024     eeprom_addr EQU 0x0E
Warning[207]: Found label after column 1. (eeprom_data)
  0000000F            00025     eeprom_data EQU 0x0F
Warning[207]: Found label after column 1. (compt_10us)
MPASM 5.86          P2_FA_PIC_8B_GENERAL.ASM   3-20-2021  22:23:27         PAGE  2


LOC  OBJECT CODE     LINE SOURCE TEXT
  VALUE

  00000010            00026     compt_10us EQU 0x10
Warning[207]: Found label after column 1. (us_echo_low)
  00000011            00027     us_echo_low EQU 0x11
Warning[207]: Found label after column 1. (us_echo_high)
  00000012            00028     us_echo_high EQU 0x12
Warning[207]: Found label after column 1. (us_echo_58)
  00000013            00029     us_echo_58 EQU 0x13
Warning[207]: Found label after column 1. (us_echo_cm)
  00000014            00030     us_echo_cm EQU 0x14
                      00031     
                      00032     ORG 0x000
000000 EF?? F???      00033     GOTO MAIN
                      00034     ORG 0x008
000008 EF?? F???      00035     GOTO HIGH_RSI
                      00036     ORG 0x018
000018 0011           00037     retfie FAST
                      00038 
00001A                00039 INIT_PORTS
                      00040     ;A
00001A 0E23           00041     movlw b'00100011'
00001C 6E92           00042     movwf TRISA,0
00001E 9489           00043     bcf LATA,2,0
000020 9889           00044     bcf LATA,4,0
                      00045     ;B
000022 0EE6           00046     movlw b'11100110'
000024 6E93           00047     movwf TRISB,0
000026 9EF1           00048     bcf INTCON2,RBPU,0
                      00049     ;C
000028 0EC0           00050     movlw b'11000000'
00002A 6E94           00051     movwf TRISC,0
00002C 908B           00052     bcf LATC,0,0;apagar 1r led
00002E 928B           00053     bcf LATC,1,0;apagar 2n led
                      00054     ;D
000030 6A95           00055     clrf TRISD,0
000032 0E00           00056     movlw b'00000000';apagar 7seg
000034 6E8C           00057     movwf LATD,0
                      00058     ;ADCON
000036 80C2           00059     bsf ADCON0,ADON,0
000038 0E0E           00060     movlw b'00001110'
00003A 6EC1           00061     movwf ADCON1,0
00003C 0E08           00062     movlw b'00001000'
00003E 6EC0           00063     movwf ADCON2,0
000040 0012           00064     return
                      00065     
000042                00066 INIT_VARS
000042 0E3F           00067     movlw b'00111111';7segments
000044 6E00           00068     movwf display0,0
000046 0E06           00069     movlw b'00000110'
000048 6E01           00070     movwf display1,0
00004A 0E5B           00071     movlw b'01011011'
00004C 6E02           00072     movwf display2,0
00004E 0E4F           00073     movlw b'01001111'
000050 6E03           00074     movwf display3,0
MPASM 5.86          P2_FA_PIC_8B_GENERAL.ASM   3-20-2021  22:23:27         PAGE  3


LOC  OBJECT CODE     LINE SOURCE TEXT
  VALUE

000052 0E66           00075     movlw b'01100110'
000054 6E04           00076     movwf display4,0
000056 0E6D           00077     movlw b'1101101' 
000058 6E05           00078     movwf display5,0
00005A 0E3D           00079     movlw b'0111101'
00005C 6E06           00080     movwf display6,0
00005E 0E07           00081     movlw b'00000111'
000060 6E07           00082     movwf display7,0
000062 0E3F           00083     movlw b'0111111'
000064 6E08           00084     movwf display8,0
000066 0ECF           00085     movlw b'11001111'
000068 6E09           00086     movwf display9,0
00006A 0E0D           00087     movlw b'00001101';posem un carrier reurn a temp
00006C 6E0C           00088     movwf carrier,0
                      00089     ;nom db "Nom: "
                      00090     ;mesures db "Mesures: "
00006E 0012           00091     return
000070                00092 INIT_EUSART
000070 0E24           00093     movlw b'00100100'
000072 6EAC           00094     movwf TXSTA,0
000074 0E90           00095     movlw b'10010000'
000076 6EAB           00096     movwf RCSTA,0
000078 0E08           00097     movlw b'00001000'
00007A 6EB8           00098     movwf BAUDCON,0
00007C 0E04           00099     movlw HIGH(.1040)
00007E 6EB0           00100     movwf SPBRGH,0
000080 0E10           00101     movlw LOW(.1040)
000082 6EAF           00102     movwf SPBRG,0
000084 0012           00103     return
000086                00104 INIT_INTCONS
000086 8ED0           00105     BSF RCON,IPEN,0
000088 0EE0           00106     MOVLW b'11100000' ;Només timer, ja canviarem quan anem fent els altres
00008A 6EF2           00107     MOVWF INTCON,0
00008C 84F1           00108     BSF INTCON2,TMR0IP,0 ; Timer -> High priority
                      00109     ;MOVLW b'0000100'; ;Només timer, ja canviarem quan anem fent els altres
                      00110     ;MOVWF INTCON2,0
00008E 0012           00111     return
000090                00112 INIT_TIMER
000090 0E91           00113     MOVLW b'10010001'
000092 6ED5           00114     MOVWF T0CON,0
000094 0012           00115     return
                      00116     
000096                00117 INIT_EEPROM
000096 9EA6           00118     bcf EECON1, EEPGD
000098 9CA6           00119     bcf EECON1, CFGS
                      00120     
00009A 0E00           00121     movlw .0            ;establir la 1ra adressa a carrier return
00009C 6EA9           00122     movwf EEADR,0
00009E C00C FFA8      00123     movff carrier,EEDATA
0000A2 84A6           00124     bsf EECON1,WREN
0000A4 9EF2           00125     bcf INTCON,GIE
0000A6 0E55           00126     movlw 55h
0000A8 6EA7           00127     movwf EECON2,0
MPASM 5.86          P2_FA_PIC_8B_GENERAL.ASM   3-20-2021  22:23:27         PAGE  4


LOC  OBJECT CODE     LINE SOURCE TEXT
  VALUE

0000AA 0EAA           00128     movlw 0AAh
0000AC 6EA7           00129     movwf EECON2
0000AE 82A6           00130     bsf EECON1,WR
0000B0 EC?? F???      00131     call ESPERA_EEPROM_ESCRIURE
0000B4 8EF2           00132     bsf INTCON,GIE
0000B6 94A6           00133     bcf EECON1,WREN
0000B8 0012           00134     return
                      00135     
                      00136 ;-------------------------------------------------------------------------------
0000BA                00137 MAIN
0000BA EC?? F???      00138     call INIT_VARS
0000BE EC?? F???      00139     call INIT_PORTS
                      00140     ;call INIT_OSC      ;valors default
0000C2 EC?? F???      00141     call INIT_EUSART
0000C6 EC?? F???      00142     call INIT_INTCONS
0000CA EC?? F???      00143     call INIT_EEPROM
0000CE EC?? F???      00144     call INIT_TIMER
0000D2 EC?? F???      00145     call CARREGA_TIMER
0000D6                00146 LOOP
                      00147     ;codi
0000D6 BA9E           00148     btfsc PIR1,RCIF,0
0000D8 EF?? F???      00149     goto LECTOR_EUSART
0000DC EF?? F???      00150     goto LOOP
                      00151 ;-------------------------------------------------------------------------------
0000E0                00152 HIGH_RSI
0000E0 94F2           00153     BCF INTCON,TMR0IF,0;quan salti una interrupcio qualsevol, nomes tenim timer0 de moment
0000E2 EC?? F???      00154     call CARREGA_TIMER;reiniciem el timer
0000E6 8489           00155     bsf LATA,2,0;reactivem el pin del servo
0000E8 0011           00156     retfie FAST
                      00157     
                      00158 ;TIMER
0000EA                00159 CARREGA_TIMER
0000EA 0E3C           00160     MOVLW HIGH(.15536);;cada 20ms
0000EC 6ED7           00161     MOVWF TMR0H,0
0000EE 0EB0           00162     MOVLW LOW(.15536)
0000F0 6ED6           00163     MOVWF TMR0L,0
0000F2 0012           00164     return
                      00165 
                      00166 ;Lectura EEPROM
0000F4                00167 EEPROM_READ
0000F4 500E           00168     movf eeprom_addr,0
0000F6 6EA9           00169     movwf EEADR,0
0000F8 9EA6           00170     BCF EECON1, EEPGD    ; Point to DATA memory
0000FA 9CA6           00171     BCF EECON1, CFGS     ; Access EEPROM
0000FC 80A6           00172     BSF EECON1, RD        ; EEPROM Read
0000FE CFA8 F00F      00173     MOVFF EEDATA, eeprom_data
000102 0012           00174     return
                      00175 ;Escriptura EEPROM
000104                00176 EEPROM_WRITE
000104 500E           00177     movf eeprom_addr,0
000106 6EA9           00178     movwf EEADR,0
000108 500F           00179     movf eeprom_data,0
00010A 6EA8           00180     movwf EEDATA,0
MPASM 5.86          P2_FA_PIC_8B_GENERAL.ASM   3-20-2021  22:23:27         PAGE  5


LOC  OBJECT CODE     LINE SOURCE TEXT
  VALUE

00010C 84A6           00181     bsf EECON1,WREN
00010E 9EF2           00182     bcf INTCON,GIE
000110 0E55           00183     movlw 55h
000112 6EA7           00184     movwf EECON2,0
000114 0EAA           00185     movlw 0AAh
000116 6EA7           00186     movwf EECON2
000118 82A6           00187     bsf EECON1,WR
00011A EC?? F???      00188     call ESPERA_EEPROM_ESCRIURE
00011E 8EF2           00189     bsf INTCON,GIE
000120 94A6           00190     bcf EECON1,WREN
000122 0012           00191     return
                      00192         
                      00193 
000124                00194 ESPERA_EEPROM_ESCRIURE
000124 B2A6           00195     btfsc EECON1,WR
000126 EF?? F???      00196     goto ESPERA_EEPROM_ESCRIURE
00012A 0012           00197     return
                      00198     
                      00199 ; Ultrasons
00012C                00200 MEDIR
00012C 0EE8           00201     MOVLW .232
00012E 6E10           00202     MOVWF compt_10us
000130 8889           00203     BSF LATA,4,0 ; Trigger a high
000132                00204 INCR_10us
000132 2A10           00205     INCF compt_10us,1,0
000134 A0D8           00206     BTFSS STATUS,C
000136 EF?? F???      00207     GOTO INCR_10us
00013A 0000           00208     NOP
00013C 0000           00209     NOP
00013E 0000           00210     NOP
000140 9889           00211     BCF LATA,4,0 ;Trigger a low
000142 6A11           00212     CLRF us_echo_low,0
000144 6A12           00213     CLRF us_echo_high,0
000146 6A13           00214     CLRF us_echo_58,0
000148                00215 ESPERA_ECHO
000148 A880           00216     BTFSS PORTA,4,0 ; esperem el echo a high
00014A EF?? F???      00217     GOTO ESPERA_ECHO
00014E                00218 COMPTAR_ECHO
00014E 4A11           00219     INFSNZ us_echo_low,1,0 ; Incrementem el LOW
000150 2A12           00220     INCF us_echo_high ; si el LOW passa a 0 incrementem el high
000152 B880           00221     BTFSC PORTA,4,0 ; Mentre el echo no estigui a low anem comptant
000154 EF?? F???      00222     GOTO COMPTAR_ECHO
                      00223         
000158 0012           00224     RETURN
                      00225     
                      00226 ;COMPTAR_58
                      00227 ;    INCF us_echo_58,0
                      00228 ;    MOVLW .1
                      00229 ;    CPFSLT us_echo_58
                      00230 ;    CALL SUMAR_1CM
                      00231 ;    BTFSC PORTA,4,0 ; Mentre el echo no estigui a low anem comptant
                      00232 ;    GOTO COMPTAR_ECHO
                      00233 ;    RETURN
MPASM 5.86          P2_FA_PIC_8B_GENERAL.ASM   3-20-2021  22:23:27         PAGE  6


LOC  OBJECT CODE     LINE SOURCE TEXT
  VALUE

                      00234 ;
                      00235 ;SUMAR_1CM
                      00236 ;    INCF us_echo_cm
                      00237 ;    CLRF us_echo_58,0
                      00238 ;    RETURN
                      00239 ;-------------------------------------------------------------------------------
                      00240 ;EUSART
                      00241 
00015A                00242 ESPERA_TX
00015A A2AC           00243     BTFSS TXSTA,TRMT,0
00015C EF?? F???      00244     GOTO ESPERA_TX
000160 0012           00245     return
                      00246     
000162                00247 LLEGIR_RX
000162 AA9E           00248     btfss PIR1,RCIF,0
000164 EF?? F???      00249     goto LLEGIR_RX
000168 50AE           00250     movf RCREG,0,0
00016A 6E0A           00251     movwf eusart_input,0
00016C C00A FFAD      00252     movff eusart_input,TXREG
000170 EC?? F???      00253     call ESPERA_TX
000174 0012           00254     return
                      00255     
000176                00256 TX_ENTER
000176 0E0A           00257     MOVLW '\n';salt de linia
000178 6EAD           00258     MOVWF TXREG,0
00017A EC?? F???      00259     CALL ESPERA_TX
00017E 0E0D           00260     MOVLW '\r';inici de linia
000180 6EAD           00261     MOVWF TXREG,0
000182 EC?? F???      00262     CALL ESPERA_TX
000186 0012           00263     return
                      00264     
                      00265 ;---- INICI MODE ----
000188                00266 LECTOR_EUSART
000188 50AE           00267     movf RCREG,0,0
00018A 6E0A           00268     movwf eusart_input,0
00018C C00A FFAD      00269     movff eusart_input,TXREG
                      00270    ; movff eusart_input,LATD ;DEBUGGING
000190 EC?? F???      00271     call ESPERA_TX
000194 EC?? F???      00272     call TX_ENTER
                      00273     ;Canvi de mode, apaguem els LEDS i el 7 seg
                      00274     ;REVISAR SI ES OK EN CAS DE QUE POSSIN UNA LLETRA INCORRECTE
000198 6A8C           00275     CLRF LATD,0
00019A 908B           00276     BCF LATC,0,0
00019C 928B           00277     BCF LATC,1,0
00019E 0E41           00278     movlw 'A'
0001A0 620A           00279     CPFSEQ eusart_input,0
0001A2 EF?? F???      00280     goto NEXT_A
0001A6 EF?? F???      00281     goto MODE_A
0001AA                00282 NEXT_A
0001AA 0E44           00283     movlw 'D'
0001AC 620A           00284     CPFSEQ eusart_input,0
0001AE EF?? F???      00285     goto NEXT_D
0001B2 EF?? F???      00286     goto MODE_D
MPASM 5.86          P2_FA_PIC_8B_GENERAL.ASM   3-20-2021  22:23:27         PAGE  7


LOC  OBJECT CODE     LINE SOURCE TEXT
  VALUE

0001B6                00287 NEXT_D
0001B6 0E49           00288     movlw 'I'
0001B8 620A           00289     CPFSEQ eusart_input,0
0001BA EF?? F???      00290     goto NEXT_I
0001BE EF?? F???      00291     goto MODE_I
0001C2                00292 NEXT_I
0001C2 0E4D           00293     movlw 'M'
0001C4 620A           00294     CPFSEQ eusart_input,0
0001C6 EF?? F???      00295     goto NEXT_M
0001CA EF?? F???      00296     goto MODE_M
0001CE                00297 NEXT_M
0001CE 0E52           00298     movlw 'R'
0001D0 620A           00299     CPFSEQ eusart_input,0
0001D2 EF?? F???      00300     goto NEXT_R
0001D6 EF?? F???      00301     goto MODE_R
0001DA                00302 NEXT_R
0001DA 0E53           00303     movlw 'S'
0001DC 620A           00304     CPFSEQ eusart_input,0
0001DE EF?? F???      00305     goto NEXT_S
0001E2 EF?? F???      00306     goto MODE_S
0001E6                00307 NEXT_S
0001E6 0E54           00308     movlw 'T'
0001E8 620A           00309     CPFSEQ eusart_input,0
0001EA EF?? F???      00310     goto NEXT_T
0001EE EF?? F???      00311     goto MODE_T
0001F2                00312 NEXT_T
0001F2 0E55           00313     movlw 'U'
0001F4 620A           00314     CPFSEQ eusart_input,0
0001F6 EF?? F???      00315     goto NEXT_U
0001FA EF?? F???      00316     goto MODE_U
0001FE                00317 NEXT_U
0001FE EC?? F???      00318     call MEDIR
000202 EF?? F???      00319     goto LOOP
                      00320     ;no s'ha clicat cap tecla si arriba aqui
                      00321     
                      00322     
                      00323     
                      00324     
                      00325 ;-------------------------------
000206                00326 MODE_A
000206 C007 FF8C      00327     movff display7,LATD
                      00328     
                      00329     ;acabat
00020A EF?? F???      00330     GOTO LOOP
00020E                00331 MODE_D
00020E C003 FF8C      00332     movff display3,LATD
                      00333     ;pulsadors +5º -5º per pulsador
000212 B481           00334     btfsc PORTB,2,0
000214 EF?? F???      00335     GOTO MirarRB1
000218 0EB4           00336     MOVLW .180
00021A 620B           00337     CPFSEQ pos_servo,0 
                      00338 ;    call moure_5graus_mes
00021C                00339 MirarRB1    
MPASM 5.86          P2_FA_PIC_8B_GENERAL.ASM   3-20-2021  22:23:27         PAGE  8


LOC  OBJECT CODE     LINE SOURCE TEXT
  VALUE

00021C A281           00340     btfss PORTB,1,0
00021E 728B           00341     btg LATC,1,0
                      00342     
                      00343    ; GOTO MODE_D
                      00344     ;acabat
000220 EF?? F???      00345     goto LOOP
                      00346     
                      00347 
000224                00348 MODE_I
                      00349     ;fixar 7seg a 0
000224 C000 FF8C      00350     movff display0,LATD
                      00351     ;llegir caracters  fins un /n (no ven bé \n). Guardar-lo cada cop que el reben.
000228 0E00           00352     movlw .0 ;reinici adressa
00022A 6E0E           00353     movwf eeprom_addr
                      00354     
                      00355     ;llegir
Warning[207]: Found label after column 1. (LLEGIR_I)
00022C                00356     LLEGIR_I
                      00357     
00022C EC?? F???      00358         call LLEGIR_RX
000230 C00A F00F      00359         movff eusart_input,eeprom_data
000234 EC?? F???      00360         call EEPROM_WRITE
                      00361         
000238 0E0D           00362         movlw '\r';esperem a un enter
00023A 620A           00363         cpfseq eusart_input,0
00023C EF?? F???      00364         goto NO_ENTER
000240 EF?? F???      00365         goto ACABAT_I
Warning[207]: Found label after column 1. (NO_ENTER)
000244                00366         NO_ENTER
000244 2A0E           00367             incf eeprom_addr;seguent adr
000246 0E78           00368             movlw .120          ;mirar si >120
000248 620E           00369             cpfseq eeprom_addr,0
00024A EF?? F???      00370             goto LLEGIR_I
                      00371            
Warning[207]: Found label after column 1. (ACABAT_I)
00024E                00372         ACABAT_I
00024E EC?? F???      00373             call TX_ENTER
                      00374              ;guardar un carrier return extra
000252 0E0D           00375             movlw b'00001101'
000254 6E0F           00376             movwf eeprom_data
000256 EC?? F???      00377             call EEPROM_WRITE
                      00378     
                      00379     ;acabat
00025A EF?? F???      00380     goto LOOP
                      00381     
00025E                00382 MODE_M
00025E C002 FF8C      00383     movff display2,LATD
                      00384     ;mostrar ultima mesura si no estem a 0 de mesures
                      00385     
                      00386     
                      00387     ;acabat
000262 BA9E           00388     btfsc PIR1,RCIF,0
000264 EF?? F???      00389     goto LECTOR_EUSART
MPASM 5.86          P2_FA_PIC_8B_GENERAL.ASM   3-20-2021  22:23:27         PAGE  9


LOC  OBJECT CODE     LINE SOURCE TEXT
  VALUE

000268 EF?? F???      00390     goto MODE_M
                      00391     
00026C                00392 MODE_R;mostrar nom i 200 mesures
00026C C001 FF8C      00393     movff display1,LATD
                      00394     ;MOSTRAR NOM (part 1/2)
000270 0E4E           00395     movlw 'N'
000272 6EAD           00396     movwf TXREG,0
000274 EC?? F???      00397     call ESPERA_TX
000278 0E6F           00398     movlw 'o'
00027A 6EAD           00399     movwf TXREG,0
00027C EC?? F???      00400     call ESPERA_TX
000280 0E6D           00401     movlw 'm'
000282 6EAD           00402     movwf TXREG,0
000284 EC?? F???      00403     call ESPERA_TX
000288 0E3A           00404     movlw ':'
00028A 6EAD           00405     movwf TXREG,0
00028C EC?? F???      00406     call ESPERA_TX
000290 0E20           00407     movlw ' '
000292 6EAD           00408     movwf TXREG,0
000294 EC?? F???      00409     call ESPERA_TX
000298 0E00           00410     movlw .0 ;reinici adressa
00029A 6E0E           00411     movwf eeprom_addr
                      00412     
Warning[207]: Found label after column 1. (BUCLE_NOM)
00029C                00413     BUCLE_NOM
                      00414     ;call ESPERA_TX
00029C EC?? F???      00415     call EEPROM_READ
0002A0 C00F FFAD      00416     movff eeprom_data, TXREG
0002A4 EC?? F???      00417     call ESPERA_TX
0002A8 0E0D           00418     movlw '\r' ;carrier
0002AA 620F           00419     cpfseq eeprom_data,0
0002AC EF?? F???      00420     goto CONTINUA_NOM
0002B0 0E0A           00421     movlw '\n'
0002B2 6EAD           00422     movwf TXREG,0
0002B4 EC?? F???      00423     call ESPERA_TX
0002B8 EF?? F???      00424     goto MOSTRA_MESURES
Warning[207]: Found label after column 1. (CONTINUA_NOM)
0002BC                00425     CONTINUA_NOM
0002BC 2A0E           00426         incf eeprom_addr
0002BE EF?? F???      00427         goto BUCLE_NOM  
                      00428     
                      00429     ;MOSTRAR ULTIMES 200 MESURES (PART 2/2)
Warning[207]: Found label after column 1. (MOSTRA_MESURES)
0002C2                00430     MOSTRA_MESURES
0002C2 0E4D           00431     movlw 'M'
0002C4 6EAD           00432     movwf TXREG,0
0002C6 EC?? F???      00433     call ESPERA_TX
0002CA 0E65           00434     movlw 'e'
0002CC 6EAD           00435     movwf TXREG,0
0002CE EC?? F???      00436     call ESPERA_TX
0002D2 0E73           00437     movlw 's'
0002D4 6EAD           00438     movwf TXREG,0
0002D6 EC?? F???      00439     call ESPERA_TX
MPASM 5.86          P2_FA_PIC_8B_GENERAL.ASM   3-20-2021  22:23:27         PAGE 10


LOC  OBJECT CODE     LINE SOURCE TEXT
  VALUE

0002DA 0E75           00440     movlw 'u'
0002DC 6EAD           00441     movwf TXREG,0
0002DE EC?? F???      00442     call ESPERA_TX
0002E2 0E72           00443     movlw 'r'
0002E4 6EAD           00444     movwf TXREG,0
0002E6 0E65           00445     movlw 'e'
0002E8 6EAD           00446     movwf TXREG,0
0002EA EC?? F???      00447     call ESPERA_TX
0002EE 0E73           00448     movlw 's'
0002F0 6EAD           00449     movwf TXREG,0
0002F2 EC?? F???      00450     call ESPERA_TX
0002F6 0E3A           00451     movlw ':'
0002F8 6EAD           00452     movwf TXREG,0
0002FA EC?? F???      00453     call ESPERA_TX
0002FE EC?? F???      00454     call TX_ENTER
                      00455     ;acabat
000302 EF?? F???      00456     goto LOOP
000306                00457 MODE_S
000306 C004 FF8C      00458     movff display4,LATD
                      00459     ;codi S
00030A EF?? F???      00460     goto LOOP
00030E                00461 MODE_T
00030E C005 FF8C      00462     movff display5,LATD
                      00463     ;codi T
000312 EF?? F???      00464     goto LOOP
000316                00465 MODE_U
000316 EC?? F???      00466     call MEDIR
                      00467     
                      00468     ;Acabat
00031A EF?? F???      00469     GOTO LOOP
                      00470 
Warning[205]: Found directive in column 1. (END)
                      00471 END
MPASM 5.86          P2_FA_PIC_8B_GENERAL.ASM   3-20-2021  22:23:27         PAGE 11


SYMBOL TABLE
  LABEL                             VALUE 

A                                 00000000
ABDEN                             00000000
ABDOVF                            00000007
ACABAT_I                          0000024E
ACCESS                            00000000
ACKDT                             00000005
ACKEN                             00000004
ACKSTAT                           00000006
ACQT0                             00000003
ACQT1                             00000004
ACQT2                             00000005
ADCON0                            00000FC2
ADCON1                            00000FC1
ADCON2                            00000FC0
ADCS0                             00000000
ADCS1                             00000001
ADCS2                             00000002
ADDEN                             00000003
ADEN                              00000003
ADFM                              00000007
ADIE                              00000006
ADIF                              00000006
ADIP                              00000006
ADMSK1                            00000001
ADMSK2                            00000002
ADMSK3                            00000003
ADMSK4                            00000004
ADMSK5                            00000005
ADON                              00000000
ADRES                             00000FC3
ADRESH                            00000FC4
ADRESL                            00000FC3
AN0                               00000000
AN1                               00000001
AN10                              00000001
AN11                              00000004
AN12                              00000000
AN2                               00000002
AN3                               00000003
AN4                               00000005
AN5                               00000000
AN6                               00000001
AN7                               00000002
AN8                               00000002
AN9                               00000003
BANKED                            00000001
BAUDCON                           00000FB8
BAUDCTL                           00000FB8
BCLIE                             00000003
BCLIF                             00000003
BCLIP                             00000003
BF                                00000000
BGST                              00000005
MPASM 5.86          P2_FA_PIC_8B_GENERAL.ASM   3-20-2021  22:23:27         PAGE 12


SYMBOL TABLE
  LABEL                             VALUE 

BOR                               00000000
BRG16                             00000003
BRGH                              00000002
BSR                               00000FE0
BUCLE_NOM                         0000029C
C                                 00000000
C1INV                             00000004
C1N                               00000000
C1OUT_CMCON                       00000006
C1OUT_PORTA                       00000004
C1P                               00000003
C2INV                             00000005
C2N                               00000001
C2OUT_CMCON                       00000007
C2OUT_PORTA                       00000005
C2P                               00000002
CARREGA_TIMER                     000000EA
CCP1                              00000002
CCP1CON                           00000FBD
CCP1IE                            00000002
CCP1IF                            00000002
CCP1IP                            00000002
CCP1M0                            00000000
CCP1M1                            00000001
CCP1M2                            00000002
CCP1M3                            00000003
CCP1X                             00000005
CCP1Y                             00000004
CCP2CON                           00000FBA
CCP2IE                            00000000
CCP2IF                            00000000
CCP2IP                            00000000
CCP2M0                            00000000
CCP2M1                            00000001
CCP2M2                            00000002
CCP2M3                            00000003
CCP2X                             00000005
CCP2Y                             00000004
CCP2_PORTB                        00000003
CCP2_PORTC                        00000001
CCPR1                             00000FBE
CCPR1H                            00000FBF
CCPR1L                            00000FBE
CCPR2                             00000FBB
CCPR2H                            00000FBC
CCPR2L                            00000FBB
CFGS                              00000006
CHS0                              00000002
CHS1                              00000003
CHS2                              00000004
CHS3                              00000005
CIS                               00000003
CK                                00000006
MPASM 5.86          P2_FA_PIC_8B_GENERAL.ASM   3-20-2021  22:23:27         PAGE 13


SYMBOL TABLE
  LABEL                             VALUE 

CKE                               00000006
CKP                               00000004
CLKI                              00000007
CLKO                              00000006
CM0                               00000000
CM1                               00000001
CM2                               00000002
CMCON                             00000FB4
CMIE                              00000006
CMIF                              00000006
CMIP                              00000006
COMPTAR_ECHO                      0000014E
CONTINUA_NOM                      000002BC
CREN                              00000004
CS                                00000002
CSRC                              00000007
CVR0                              00000000
CVR1                              00000001
CVR2                              00000002
CVR3                              00000003
CVRCON                            00000FB5
CVREF                             00000002
CVREN                             00000007
CVROE                             00000006
CVRR                              00000005
CVRSS                             00000004
D                                 00000005
DC                                00000001
DC1B0                             00000004
DC1B1                             00000005
DC2B0                             00000004
DC2B1                             00000005
DDRA                              TRISA
DDRB                              TRISB
DDRC                              TRISC
DDRD                              TRISD
DDRE                              TRISE
DONE                              00000001
D_A                               00000005
D_NOT_A                           00000005
ECCP1AS                           00000FB6
ECCP1CON                          00000FBD
ECCP1DEL                          00000FB7
ECCPAS0                           00000004
ECCPAS1                           00000005
ECCPAS2                           00000006
ECCPASE                           00000007
EEADR                             00000FA9
EECON1                            00000FA6
EECON2                            00000FA7
EEDATA                            00000FA8
EEIE                              00000004
EEIF                              00000004
MPASM 5.86          P2_FA_PIC_8B_GENERAL.ASM   3-20-2021  22:23:27         PAGE 14


SYMBOL TABLE
  LABEL                             VALUE 

EEIP                              00000004
EEPGD                             00000007
EEPROM_READ                       000000F4
EEPROM_WRITE                      00000104
ESPERA_ECHO                       00000148
ESPERA_EEPROM_ESCRIURE            00000124
ESPERA_TX                         0000015A
FAST                              00000001
FERR                              00000002
FLT0                              00000000
FLTS                              00000002
FREE                              00000004
FSR0                              00000000
FSR0H                             00000FEA
FSR0L                             00000FE9
FSR1                              00000001
FSR1H                             00000FE2
FSR1L                             00000FE1
FSR2                              00000002
FSR2H                             00000FDA
FSR2L                             00000FD9
GCEN                              00000007
GIE                               00000007
GIEH                              00000007
GIEL                              00000006
GIE_GIEH                          00000007
GO                                00000001
GO_DONE                           00000001
GO_NOT_DONE                       00000001
HIGH_RSI                          000000E0
HLVDCON                           00000FD2
HLVDEN                            00000004
HLVDIE                            00000002
HLVDIF                            00000002
HLVDIN                            00000005
HLVDIP                            00000002
HLVDL0                            00000000
HLVDL1                            00000001
HLVDL2                            00000002
HLVDL3                            00000003
IBF                               00000007
IBOV                              00000005
IDLEN                             00000007
INCR_10us                         00000132
INDF0                             00000FEF
INDF1                             00000FE7
INDF2                             00000FDF
INIT_EEPROM                       00000096
INIT_EUSART                       00000070
INIT_INTCONS                      00000086
INIT_PORTS                        0000001A
INIT_TIMER                        00000090
INIT_VARS                         00000042
MPASM 5.86          P2_FA_PIC_8B_GENERAL.ASM   3-20-2021  22:23:27         PAGE 15


SYMBOL TABLE
  LABEL                             VALUE 

INT0                              00000000
INT0E                             00000004
INT0F                             00000001
INT0IE                            00000004
INT0IF                            00000001
INT1                              00000001
INT1E                             00000003
INT1F                             00000000
INT1IE                            00000003
INT1IF                            00000000
INT1IP                            00000006
INT1P                             00000006
INT2                              00000002
INT2E                             00000004
INT2F                             00000001
INT2IE                            00000004
INT2IF                            00000001
INT2IP                            00000007
INT2P                             00000007
INTCON                            00000FF2
INTCON2                           00000FF1
INTCON3                           00000FF0
INTEDG0                           00000006
INTEDG1                           00000005
INTEDG2                           00000004
INTSRC                            00000007
IOFS                              00000002
IPEN                              00000007
IPR1                              00000F9F
IPR2                              00000FA2
IRCF0                             00000004
IRCF1                             00000005
IRCF2                             00000006
IRVST                             00000005
KBI0                              00000004
KBI1                              00000005
KBI2                              00000006
KBI3                              00000007
LATA                              00000F89
LATA0                             00000000
LATA1                             00000001
LATA2                             00000002
LATA3                             00000003
LATA4                             00000004
LATA5                             00000005
LATA6                             00000006
LATA7                             00000007
LATB                              00000F8A
LATB0                             00000000
LATB1                             00000001
LATB2                             00000002
LATB3                             00000003
LATB4                             00000004
MPASM 5.86          P2_FA_PIC_8B_GENERAL.ASM   3-20-2021  22:23:27         PAGE 16


SYMBOL TABLE
  LABEL                             VALUE 

LATB5                             00000005
LATB6                             00000006
LATB7                             00000007
LATC                              00000F8B
LATC0                             00000000
LATC1                             00000001
LATC2                             00000002
LATC3                             00000003
LATC4                             00000004
LATC5                             00000005
LATC6                             00000006
LATC7                             00000007
LATD                              00000F8C
LATD0                             00000000
LATD1                             00000001
LATD2                             00000002
LATD3                             00000003
LATD4                             00000004
LATD5                             00000005
LATD6                             00000006
LATD7                             00000007
LATE                              00000F8D
LATE0                             00000000
LATE1                             00000001
LATE2                             00000002
LECTOR_EUSART                     00000188
LLEGIR_I                          0000022C
LLEGIR_RX                         00000162
LOOP                              000000D6
LVDCON                            00000FD2
LVDEN                             00000004
LVDIE                             00000002
LVDIF                             00000002
LVDIP                             00000002
LVDL0                             00000000
LVDL1                             00000001
LVDL2                             00000002
LVDL3                             00000003
LVV0                              00000000
LVV1                              00000001
LVV2                              00000002
LVV3                              00000003
MAIN                              000000BA
MCLR                              00000003
MEDIR                             0000012C
MODE_A                            00000206
MODE_D                            0000020E
MODE_I                            00000224
MODE_M                            0000025E
MODE_R                            0000026C
MODE_S                            00000306
MODE_T                            0000030E
MODE_U                            00000316
MPASM 5.86          P2_FA_PIC_8B_GENERAL.ASM   3-20-2021  22:23:27         PAGE 17


SYMBOL TABLE
  LABEL                             VALUE 

MOSTRA_MESURES                    000002C2
MirarRB1                          0000021C
N                                 00000004
NEXT_A                            000001AA
NEXT_D                            000001B6
NEXT_I                            000001C2
NEXT_M                            000001CE
NEXT_R                            000001DA
NEXT_S                            000001E6
NEXT_T                            000001F2
NEXT_U                            000001FE
NOT_A                             00000005
NOT_ADDRESS                       00000005
NOT_BOR                           00000000
NOT_CS                            00000002
NOT_DONE                          00000001
NOT_MCLR                          00000003
NOT_PD                            00000002
NOT_POR                           00000001
NOT_RBPU                          00000007
NOT_RD                            00000000
NOT_RI                            00000004
NOT_SS                            00000005
NOT_T1SYNC                        00000002
NOT_T3SYNC                        00000002
NOT_TO                            00000003
NOT_W                             00000002
NOT_WR                            00000001
NOT_WRITE                         00000002
NO_ENTER                          00000244
OBF                               00000006
OERR                              00000001
OSC1                              00000007
OSC2                              00000006
OSCCON                            00000FD3
OSCFIE                            00000007
OSCFIF                            00000007
OSCFIP                            00000007
OSCTUNE                           00000F9B
OSTS                              00000003
OV                                00000003
P                                 00000004
P1A                               00000002
P1B                               00000005
P1C                               00000006
P1D                               00000007
P1M0                              00000006
P1M1                              00000007
PC                                00000FF9
PCFG0                             00000000
PCFG1                             00000001
PCFG2                             00000002
PCFG3                             00000003
MPASM 5.86          P2_FA_PIC_8B_GENERAL.ASM   3-20-2021  22:23:27         PAGE 18


SYMBOL TABLE
  LABEL                             VALUE 

PCL                               00000FF9
PCLATH                            00000FFA
PCLATU                            00000FFB
PD                                00000002
PDC0                              00000000
PDC1                              00000001
PDC2                              00000002
PDC3                              00000003
PDC4                              00000004
PDC5                              00000005
PDC6                              00000006
PEIE                              00000006
PEIE_GIEL                         00000006
PEN                               00000002
PGC                               00000006
PGD                               00000007
PGM                               00000005
PIE1                              00000F9D
PIE2                              00000FA0
PIR1                              00000F9E
PIR2                              00000FA1
PLLEN                             00000006
PLUSW0                            00000FEB
PLUSW1                            00000FE3
PLUSW2                            00000FDB
POR                               00000001
PORTA                             00000F80
PORTB                             00000F81
PORTC                             00000F82
PORTD                             00000F83
PORTE                             00000F84
POSTDEC0                          00000FED
POSTDEC1                          00000FE5
POSTDEC2                          00000FDD
POSTINC0                          00000FEE
POSTINC1                          00000FE6
POSTINC2                          00000FDE
PR2                               00000FCB
PREINC0                           00000FEC
PREINC1                           00000FE4
PREINC2                           00000FDC
PROD                              00000FF3
PRODH                             00000FF4
PRODL                             00000FF3
PRSEN                             00000007
PSA                               00000003
PSP0                              00000000
PSP1                              00000001
PSP2                              00000002
PSP3                              00000003
PSP4                              00000004
PSP5                              00000005
PSP6                              00000006
MPASM 5.86          P2_FA_PIC_8B_GENERAL.ASM   3-20-2021  22:23:27         PAGE 19


SYMBOL TABLE
  LABEL                             VALUE 

PSP7                              00000007
PSPIE                             00000007
PSPIF                             00000007
PSPIP                             00000007
PSPMODE                           00000004
PSSAC0                            00000002
PSSAC1                            00000003
PSSBD0                            00000000
PSSBD1                            00000001
PWM1CON                           00000FB7
R                                 00000002
RA0                               00000000
RA1                               00000001
RA2                               00000002
RA3                               00000003
RA4                               00000004
RA5                               00000005
RA6                               00000006
RA7                               00000007
RB0                               00000000
RB1                               00000001
RB2                               00000002
RB3                               00000003
RB4                               00000004
RB5                               00000005
RB6                               00000006
RB7                               00000007
RBIE                              00000003
RBIF                              00000000
RBIP                              00000000
RBPU                              00000007
RC0                               00000000
RC1                               00000001
RC2                               00000002
RC3                               00000003
RC4                               00000004
RC5                               00000005
RC6                               00000006
RC7                               00000007
RCEN                              00000003
RCIDL                             00000006
RCIE                              00000005
RCIF                              00000005
RCIP                              00000005
RCMT                              00000006
RCON                              00000FD0
RCREG                             00000FAE
RCSTA                             00000FAB
RD                                00000000
RD0                               00000000
RD1                               00000001
RD16                              00000007
RD2                               00000002
MPASM 5.86          P2_FA_PIC_8B_GENERAL.ASM   3-20-2021  22:23:27         PAGE 20


SYMBOL TABLE
  LABEL                             VALUE 

RD3                               00000003
RD4                               00000004
RD5                               00000005
RD6                               00000006
RD7                               00000007
RE0                               00000000
RE1                               00000001
RE2                               00000002
RE3                               00000003
RI                                00000004
RSEN                              00000001
RX                                00000007
RX9                               00000006
RX9D                              00000000
RXDTP                             00000005
R_NOT_W                           00000002
R_W                               00000002
S                                 00000003
SBOREN                            00000006
SCK                               00000003
SCKP                              00000004
SCL                               00000003
SCS0                              00000000
SCS1                              00000001
SDA                               00000004
SDI                               00000004
SDO                               00000005
SEN                               00000000
SENDB                             00000003
SMP                               00000007
SP0                               00000000
SP1                               00000001
SP2                               00000002
SP3                               00000003
SP4                               00000004
SPBRG                             00000FAF
SPBRGH                            00000FB0
SPEN                              00000007
SREN                              00000005
SSPADD                            00000FC8
SSPBUF                            00000FC9
SSPCON1                           00000FC6
SSPCON2                           00000FC5
SSPEN                             00000005
SSPIE                             00000003
SSPIF                             00000003
SSPIP                             00000003
SSPM0                             00000000
SSPM1                             00000001
SSPM2                             00000002
SSPM3                             00000003
SSPOV                             00000006
SSPSTAT                           00000FC7
MPASM 5.86          P2_FA_PIC_8B_GENERAL.ASM   3-20-2021  22:23:27         PAGE 21


SYMBOL TABLE
  LABEL                             VALUE 

STATUS                            00000FD8
STKFUL                            00000007
STKOVF                            00000007
STKPTR                            00000FFC
STKUNF                            00000006
SWDTE                             00000000
SWDTEN                            00000000
SYNC                              00000004
T016BIT                           00000006
T08BIT                            00000006
T0CKI                             00000004
T0CON                             00000FD5
T0CS                              00000005
T0IE                              00000005
T0IF                              00000002
T0PS0                             00000000
T0PS1                             00000001
T0PS2                             00000002
T0SE                              00000004
T13CKI                            00000000
T1CKI                             00000000
T1CKPS0                           00000004
T1CKPS1                           00000005
T1CON                             00000FCD
T1OSCEN                           00000003
T1OSI                             00000001
T1OSO                             00000000
T1RUN                             00000006
T1SYNC                            00000002
T2CKPS0                           00000000
T2CKPS1                           00000001
T2CON                             00000FCA
T2OUTPS0                          00000003
T2OUTPS1                          00000004
T2OUTPS2                          00000005
T2OUTPS3                          00000006
T3CCP1                            00000003
T3CCP2                            00000006
T3CKPS0                           00000004
T3CKPS1                           00000005
T3CON                             00000FB1
T3SYNC                            00000002
TABLAT                            00000FF5
TBLPTR                            00000FF6
TBLPTRH                           00000FF7
TBLPTRL                           00000FF6
TBLPTRU                           00000FF8
TMR0                              00000FD6
TMR0H                             00000FD7
TMR0IE                            00000005
TMR0IF                            00000002
TMR0IP                            00000002
TMR0L                             00000FD6
MPASM 5.86          P2_FA_PIC_8B_GENERAL.ASM   3-20-2021  22:23:27         PAGE 22


SYMBOL TABLE
  LABEL                             VALUE 

TMR0ON                            00000007
TMR1                              00000FCE
TMR1CS                            00000001
TMR1H                             00000FCF
TMR1IE                            00000000
TMR1IF                            00000000
TMR1IP                            00000000
TMR1L                             00000FCE
TMR1ON                            00000000
TMR2                              00000FCC
TMR2IE                            00000001
TMR2IF                            00000001
TMR2IP                            00000001
TMR2ON                            00000002
TMR3                              00000FB2
TMR3CS                            00000001
TMR3H                             00000FB3
TMR3IE                            00000001
TMR3IF                            00000001
TMR3IP                            00000001
TMR3L                             00000FB2
TMR3ON                            00000000
TO                                00000003
TOS                               00000FFD
TOSH                              00000FFE
TOSL                              00000FFD
TOSU                              00000FFF
TOUTPS0                           00000003
TOUTPS1                           00000004
TOUTPS2                           00000005
TOUTPS3                           00000006
TRISA                             00000F92
TRISA0                            00000000
TRISA1                            00000001
TRISA2                            00000002
TRISA3                            00000003
TRISA4                            00000004
TRISA5                            00000005
TRISA6                            00000006
TRISA7                            00000007
TRISB                             00000F93
TRISB0                            00000000
TRISB1                            00000001
TRISB2                            00000002
TRISB3                            00000003
TRISB4                            00000004
TRISB5                            00000005
TRISB6                            00000006
TRISB7                            00000007
TRISC                             00000F94
TRISC0                            00000000
TRISC1                            00000001
TRISC2                            00000002
MPASM 5.86          P2_FA_PIC_8B_GENERAL.ASM   3-20-2021  22:23:27         PAGE 23


SYMBOL TABLE
  LABEL                             VALUE 

TRISC3                            00000003
TRISC4                            00000004
TRISC5                            00000005
TRISC6                            00000006
TRISC7                            00000007
TRISD                             00000F95
TRISD0                            00000000
TRISD1                            00000001
TRISD2                            00000002
TRISD3                            00000003
TRISD4                            00000004
TRISD5                            00000005
TRISD6                            00000006
TRISD7                            00000007
TRISE                             00000F96
TRISE0                            00000000
TRISE1                            00000001
TRISE2                            00000002
TRMT                              00000001
TUN0                              00000000
TUN1                              00000001
TUN2                              00000002
TUN3                              00000003
TUN4                              00000004
TX                                00000006
TX9                               00000006
TX9D                              00000000
TXCKP                             00000004
TXEN                              00000005
TXIE                              00000004
TXIF                              00000004
TXIP                              00000004
TXREG                             00000FAD
TXSTA                             00000FAC
TX_ENTER                          00000176
UA                                00000001
VCFG0                             00000004
VCFG1                             00000005
VDIRMAG                           00000007
VPP                               00000003
VREFM                             00000002
VREFP                             00000003
W                                 00000000
WCOL                              00000007
WDTCON                            00000FD1
WR                                00000001
WREG                              00000FE8
WREN                              00000002
WRERR                             00000003
WUE                               00000001
Z                                 00000002
_BBSIZ_BB1K_4L                    000000FF
_BBSIZ_BB256_4L                   000000CF
MPASM 5.86          P2_FA_PIC_8B_GENERAL.ASM   3-20-2021  22:23:27         PAGE 24


SYMBOL TABLE
  LABEL                             VALUE 

_BBSIZ_BB512_4L                   000000DF
_BORV_0_2L                        000000E7
_BORV_1_2L                        000000EF
_BORV_2_2L                        000000F7
_BORV_3_2L                        000000FF
_BOR_NOSLP_2L                     000000FD
_BOR_OFF_2L                       000000F9
_BOR_ON_2L                        000000FF
_BOR_SOFT_2L                      000000FB
_CCP2MX_RB3_3H                    000000FE
_CCP2MX_RC1_3H                    000000FF
_CONFIG1H                         00300001
_CONFIG2H                         00300003
_CONFIG2L                         00300002
_CONFIG3H                         00300005
_CONFIG4L                         00300006
_CONFIG5H                         00300009
_CONFIG5L                         00300008
_CONFIG6H                         0030000B
_CONFIG6L                         0030000A
_CONFIG7H                         0030000D
_CONFIG7L                         0030000C
_CP0_OFF_5L                       000000FF
_CP0_ON_5L                        000000FE
_CP1_OFF_5L                       000000FF
_CP1_ON_5L                        000000FD
_CPB_OFF_5H                       000000FF
_CPB_ON_5H                        000000BF
_CPD_OFF_5H                       000000FF
_CPD_ON_5H                        0000007F
_DEBUG_OFF_4L                     000000FF
_DEBUG_ON_4L                      0000007F
_DEVID1                           003FFFFE
_DEVID2                           003FFFFF
_EBTR0_OFF_7L                     000000FF
_EBTR0_ON_7L                      000000FE
_EBTR1_OFF_7L                     000000FF
_EBTR1_ON_7L                      000000FD
_EBTRB_OFF_7H                     000000FF
_EBTRB_ON_7H                      000000BF
_FCMEN_OFF_1H                     000000BF
_FCMEN_ON_1H                      000000FF
_IDLOC0                           00200000
_IDLOC1                           00200001
_IDLOC2                           00200002
_IDLOC3                           00200003
_IDLOC4                           00200004
_IDLOC5                           00200005
_IDLOC6                           00200006
_IDLOC7                           00200007
_IESO_OFF_1H                      0000007F
_IESO_ON_1H                       000000FF
_LPT1OSC_OFF_3H                   000000FB
MPASM 5.86          P2_FA_PIC_8B_GENERAL.ASM   3-20-2021  22:23:27         PAGE 25


SYMBOL TABLE
  LABEL                             VALUE 

_LPT1OSC_ON_3H                    000000FF
_LVP_OFF_4L                       000000FB
_LVP_ON_4L                        000000FF
_MCLRE_OFF_3H                     0000007F
_MCLRE_ON_3H                      000000FF
_OSC_ECIO_1H                      000000F5
_OSC_EC_1H                        000000F4
_OSC_HSPLL_1H                     000000F6
_OSC_HS_1H                        000000F2
_OSC_INTIO1_1H                    000000F9
_OSC_INTIO2_1H                    000000F8
_OSC_LP_1H                        000000F0
_OSC_RCIO_1H                      000000F7
_OSC_RC_1H                        000000F3
_OSC_XT_1H                        000000F1
_PBADEN_ANA_3H                    000000FF
_PBADEN_DIG_3H                    000000FD
_PWRT_OFF_2L                      000000FF
_PWRT_ON_2L                       000000FE
_STVREN_OFF_4L                    000000FE
_STVREN_ON_4L                     000000FF
_WDTPS_1024_2H                    000000F5
_WDTPS_128_2H                     000000EF
_WDTPS_16384_2H                   000000FD
_WDTPS_16_2H                      000000E9
_WDTPS_1_2H                       000000E1
_WDTPS_2048_2H                    000000F7
_WDTPS_256_2H                     000000F1
_WDTPS_2_2H                       000000E3
_WDTPS_32768_2H                   000000FF
_WDTPS_32_2H                      000000EB
_WDTPS_4096_2H                    000000F9
_WDTPS_4_2H                       000000E5
_WDTPS_512_2H                     000000F3
_WDTPS_64_2H                      000000ED
_WDTPS_8192_2H                    000000FB
_WDTPS_8_2H                       000000E7
_WDT_OFF_2H                       000000FE
_WDT_ON_2H                        000000FF
_WRT0_OFF_6L                      000000FF
_WRT0_ON_6L                       000000FE
_WRT1_OFF_6L                      000000FF
_WRT1_ON_6L                       000000FD
_WRTB_OFF_6H                      000000FF
_WRTB_ON_6H                       000000BF
_WRTC_OFF_6H                      000000FF
_WRTC_ON_6H                       000000DF
_WRTD_OFF_6H                      000000FF
_WRTD_ON_6H                       0000007F
_XINST_OFF_4L                     000000BF
_XINST_ON_4L                      000000FF
__18F4321                         00000001
carrier                           0000000C
MPASM 5.86          P2_FA_PIC_8B_GENERAL.ASM   3-20-2021  22:23:27         PAGE 26


SYMBOL TABLE
  LABEL                             VALUE 

compt_10us                        00000010
display0                          00000000
display1                          00000001
display2                          00000002
display3                          00000003
display4                          00000004
display5                          00000005
display6                          00000006
display7                          00000007
display8                          00000008
display9                          00000009
eeprom_addr                       0000000E
eeprom_data                       0000000F
eusart_input                      0000000A
eusart_output                     0000000D
pos_servo                         0000000B
us_echo_58                        00000013
us_echo_cm                        00000014
us_echo_high                      00000012
us_echo_low                       00000011

Errors   :     0
Warnings :    29 reported,     0 suppressed
Messages :     0 reported,     0 suppressed

