Warning[215] C:\USERS\MARC\NEXTCLOUD2\SALLEURL\SDM\LS-SDM-P2-SONO\SDM-P2-FASEA.X\P2_FA_PIC_8B_GENERAL.ASM 1 : Processor superseded by command line.  Verify processor symbol.
Warning[207] C:\USERS\MARC\NEXTCLOUD2\SALLEURL\SDM\LS-SDM-P2-SONO\SDM-P2-FASEA.X\P2_FA_PIC_8B_GENERAL.ASM 10 : Found label after column 1. (display0)
Warning[207] C:\USERS\MARC\NEXTCLOUD2\SALLEURL\SDM\LS-SDM-P2-SONO\SDM-P2-FASEA.X\P2_FA_PIC_8B_GENERAL.ASM 11 : Found label after column 1. (display1)
Warning[207] C:\USERS\MARC\NEXTCLOUD2\SALLEURL\SDM\LS-SDM-P2-SONO\SDM-P2-FASEA.X\P2_FA_PIC_8B_GENERAL.ASM 12 : Found label after column 1. (display2)
Warning[207] C:\USERS\MARC\NEXTCLOUD2\SALLEURL\SDM\LS-SDM-P2-SONO\SDM-P2-FASEA.X\P2_FA_PIC_8B_GENERAL.ASM 13 : Found label after column 1. (display3)
Warning[207] C:\USERS\MARC\NEXTCLOUD2\SALLEURL\SDM\LS-SDM-P2-SONO\SDM-P2-FASEA.X\P2_FA_PIC_8B_GENERAL.ASM 14 : Found label after column 1. (display4)
Warning[207] C:\USERS\MARC\NEXTCLOUD2\SALLEURL\SDM\LS-SDM-P2-SONO\SDM-P2-FASEA.X\P2_FA_PIC_8B_GENERAL.ASM 15 : Found label after column 1. (display5)
Warning[207] C:\USERS\MARC\NEXTCLOUD2\SALLEURL\SDM\LS-SDM-P2-SONO\SDM-P2-FASEA.X\P2_FA_PIC_8B_GENERAL.ASM 16 : Found label after column 1. (display6)
Warning[207] C:\USERS\MARC\NEXTCLOUD2\SALLEURL\SDM\LS-SDM-P2-SONO\SDM-P2-FASEA.X\P2_FA_PIC_8B_GENERAL.ASM 17 : Found label after column 1. (display7)
Warning[207] C:\USERS\MARC\NEXTCLOUD2\SALLEURL\SDM\LS-SDM-P2-SONO\SDM-P2-FASEA.X\P2_FA_PIC_8B_GENERAL.ASM 18 : Found label after column 1. (display8)
Warning[207] C:\USERS\MARC\NEXTCLOUD2\SALLEURL\SDM\LS-SDM-P2-SONO\SDM-P2-FASEA.X\P2_FA_PIC_8B_GENERAL.ASM 19 : Found label after column 1. (display9)
Warning[207] C:\USERS\MARC\NEXTCLOUD2\SALLEURL\SDM\LS-SDM-P2-SONO\SDM-P2-FASEA.X\P2_FA_PIC_8B_GENERAL.ASM 20 : Found label after column 1. (eusart_input)
Warning[207] C:\USERS\MARC\NEXTCLOUD2\SALLEURL\SDM\LS-SDM-P2-SONO\SDM-P2-FASEA.X\P2_FA_PIC_8B_GENERAL.ASM 21 : Found label after column 1. (nom_eeprom_adr)
Warning[207] C:\USERS\MARC\NEXTCLOUD2\SALLEURL\SDM\LS-SDM-P2-SONO\SDM-P2-FASEA.X\P2_FA_PIC_8B_GENERAL.ASM 22 : Found label after column 1. (carrier)
Warning[207] C:\USERS\MARC\NEXTCLOUD2\SALLEURL\SDM\LS-SDM-P2-SONO\SDM-P2-FASEA.X\P2_FA_PIC_8B_GENERAL.ASM 23 : Found label after column 1. (eusart_output)
Warning[207] C:\USERS\MARC\NEXTCLOUD2\SALLEURL\SDM\LS-SDM-P2-SONO\SDM-P2-FASEA.X\P2_FA_PIC_8B_GENERAL.ASM 181 : Found label after column 1. (TX_NO_ENTER)
Warning[207] C:\USERS\MARC\NEXTCLOUD2\SALLEURL\SDM\LS-SDM-P2-SONO\SDM-P2-FASEA.X\P2_FA_PIC_8B_GENERAL.ASM 271 : Found label after column 1. (LLEGIR_I)
Warning[207] C:\USERS\MARC\NEXTCLOUD2\SALLEURL\SDM\LS-SDM-P2-SONO\SDM-P2-FASEA.X\P2_FA_PIC_8B_GENERAL.ASM 294 : Found label after column 1. (NO_ENTER)
Warning[207] C:\USERS\MARC\NEXTCLOUD2\SALLEURL\SDM\LS-SDM-P2-SONO\SDM-P2-FASEA.X\P2_FA_PIC_8B_GENERAL.ASM 318 : Found label after column 1. (ACABAT_I)
Warning[207] C:\USERS\MARC\NEXTCLOUD2\SALLEURL\SDM\LS-SDM-P2-SONO\SDM-P2-FASEA.X\P2_FA_PIC_8B_GENERAL.ASM 355 : Found label after column 1. (BUCLE_NOM)
Warning[207] C:\USERS\MARC\NEXTCLOUD2\SALLEURL\SDM\LS-SDM-P2-SONO\SDM-P2-FASEA.X\P2_FA_PIC_8B_GENERAL.ASM 370 : Found label after column 1. (CONTINUA_NOM)
Warning[207] C:\USERS\MARC\NEXTCLOUD2\SALLEURL\SDM\LS-SDM-P2-SONO\SDM-P2-FASEA.X\P2_FA_PIC_8B_GENERAL.ASM 376 : Found label after column 1. (MOSTRA_MESURES)
Warning[205] C:\USERS\MARC\NEXTCLOUD2\SALLEURL\SDM\LS-SDM-P2-SONO\SDM-P2-FASEA.X\P2_FA_PIC_8B_GENERAL.ASM 417 : Found directive in column 1. (END)
